<?xml version="1.0" encoding="UTF-8"?>
<testng-results ignored="0" total="3" passed="3" failed="0" skipped="0">
  <reporter-output>
  </reporter-output>
  <suite started-at="2024-09-25T10:50:54 IST" name="Suite" finished-at="2024-09-25T10:51:15 IST" duration-ms="21232">
    <groups>
    </groups>
    <test started-at="2024-09-25T10:50:54 IST" name="FirefoxTest" finished-at="2024-09-25T10:51:03 IST" duration-ms="8940">
      <class name="com.qa.test.Login_test">
        <test-method is-config="true" signature="setup(java.lang.String)[pri:0, instance:com.qa.test.Login_test@1283bb96]" started-at="2024-09-25T10:50:54 IST" name="setup" finished-at="2024-09-25T10:51:01 IST" duration-ms="6866" status="PASS">
          <params>
            <param index="0">
              <value>
                <![CDATA[firefox]]>
              </value>
            </param>
          </params>
          <reporter-output>
          </reporter-output>
        </test-method> <!-- setup -->
        <test-method signature="testlogin()[pri:0, instance:com.qa.test.Login_test@1283bb96]" started-at="2024-09-25T10:51:01 IST" name="testlogin" finished-at="2024-09-25T10:51:03 IST" duration-ms="2034" status="PASS">
          <reporter-output>
          </reporter-output>
        </test-method> <!-- testlogin -->
      </class> <!-- com.qa.test.Login_test -->
    </test> <!-- FirefoxTest -->
    <test started-at="2024-09-25T10:51:03 IST" name="EdgeTest" finished-at="2024-09-25T10:51:12 IST" duration-ms="8921">
      <class name="com.qa.test.Login_test">
        <test-method is-config="true" signature="setup(java.lang.String)[pri:0, instance:com.qa.test.Login_test@77c2494c]" started-at="2024-09-25T10:51:03 IST" name="setup" finished-at="2024-09-25T10:51:10 IST" duration-ms="6864" status="PASS">
          <params>
            <param index="0">
              <value>
                <![CDATA[edge]]>
              </value>
            </param>
          </params>
          <reporter-output>
          </reporter-output>
        </test-method> <!-- setup -->
        <test-method signature="testlogin()[pri:0, instance:com.qa.test.Login_test@77c2494c]" started-at="2024-09-25T10:51:10 IST" name="testlogin" finished-at="2024-09-25T10:51:12 IST" duration-ms="2049" status="PASS">
          <reporter-output>
          </reporter-output>
        </test-method> <!-- testlogin -->
      </class> <!-- com.qa.test.Login_test -->
    </test> <!-- EdgeTest -->
    <test started-at="2024-09-25T10:51:12 IST" name="ChromeTest" finished-at="2024-09-25T10:51:15 IST" duration-ms="3272">
      <class name="com.qa.test.Login_test">
        <test-method is-config="true" signature="setup(java.lang.String)[pri:0, instance:com.qa.test.Login_test@233795b6]" started-at="2024-09-25T10:51:12 IST" name="setup" finished-at="2024-09-25T10:51:14 IST" duration-ms="1827" status="PASS">
          <params>
            <param index="0">
              <value>
                <![CDATA[chrome]]>
              </value>
            </param>
          </params>
          <reporter-output>
          </reporter-output>
        </test-method> <!-- setup -->
        <test-method signature="testlogin()[pri:0, instance:com.qa.test.Login_test@233795b6]" started-at="2024-09-25T10:51:14 IST" name="testlogin" finished-at="2024-09-25T10:51:15 IST" duration-ms="1436" status="PASS">
          <reporter-output>
          </reporter-output>
        </test-method> <!-- testlogin -->
      </class> <!-- com.qa.test.Login_test -->
    </test> <!-- ChromeTest -->
  </suite> <!-- Suite -->
</testng-results>
